<?xml version="1.0" encoding="UTF-8"?>
<!-- Generated by org.testng.reporters.JUnitReportReporter -->
<testsuite hostname="TYSS-Chandana-M" failures="0" tests="1" name="assertions.ToWorkWith_DWS_Login_SoftAssert" time="4.837" errors="0" timestamp="2024-04-01T08:37:28 IST" skipped="0">
  <testcase classname="assertions.ToWorkWith_DWS_Login_SoftAssert" name="login" time="4.837"/>
</testsuite> <!-- assertions.ToWorkWith_DWS_Login_SoftAssert -->
