<?xml version="1.0" encoding="UTF-8"?>
<!-- Generated by org.testng.reporters.JUnitReportReporter -->
<testsuite hostname="TYSS-Chandana-M" failures="0" tests="2" name="Scripts_Execution_Cross_Browser.ToLaunchOppo" time="41.896" errors="0" timestamp="2024-03-30T08:21:39 IST" skipped="0">
  <testcase classname="Scripts_Execution_Cross_Browser.ToLaunchOppo" name="launchOppo" time="18.141"/>
  <testcase classname="Scripts_Execution_Cross_Browser.ToLaunchOppo" name="launchOppo" time="23.755"/>
</testsuite> <!-- Scripts_Execution_Cross_Browser.ToLaunchOppo -->
