<?xml version="1.0" encoding="UTF-8"?>
<!-- Generated by org.testng.reporters.JUnitReportReporter -->
<testsuite hostname="TYSS-Chandana-M" failures="0" tests="1" name="Scripts_Execution_Group.ToLaunchNykaa" time="25.956" errors="0" timestamp="2024-03-29T08:42:48 IST" skipped="0">
  <testcase classname="Scripts_Execution_Group.ToLaunchNykaa" name="launchNykaa" time="25.956"/>
</testsuite> <!-- Scripts_Execution_Group.ToLaunchNykaa -->
