<?xml version="1.0" encoding="UTF-8"?>
<!-- Generated by org.testng.reporters.JUnitReportReporter -->
<testsuite hostname="TYSS-Chandana-M" failures="0" tests="4" name="testng_concepts.ToWorkWithInvocationCount" time="20.186" errors="0" timestamp="2024-03-27T07:58:57 IST" skipped="0">
  <testcase classname="testng_concepts.ToWorkWithInvocationCount" name="m1" time="4.644">
    <system-out>
      <![CDATA[from m1
from testng DWS]]>
    </system-out>
  </testcase> <!-- m1 -->
  <testcase classname="testng_concepts.ToWorkWithInvocationCount" name="m1" time="4.785">
    <system-out>
      <![CDATA[from m1
from testng DWS]]>
    </system-out>
  </testcase> <!-- m1 -->
  <testcase classname="testng_concepts.ToWorkWithInvocationCount" name="m1" time="4.852">
    <system-out>
      <![CDATA[from m1
from testng DWS]]>
    </system-out>
  </testcase> <!-- m1 -->
  <testcase classname="testng_concepts.ToWorkWithInvocationCount" name="m1" time="5.905">
    <system-out>
      <![CDATA[from m1
from testng DWS]]>
    </system-out>
  </testcase> <!-- m1 -->
  <system-out>
    <![CDATA[from m1
from testng DWS
from m1
from testng DWS
from m1
from testng DWS
from m1
from testng DWS]]>
  </system-out>
</testsuite> <!-- testng_concepts.ToWorkWithInvocationCount -->
