<?xml version="1.0" encoding="UTF-8"?>
<!-- Generated by org.testng.reporters.JUnitReportReporter -->
<testsuite hostname="TYSS-Chandana-M" failures="0" tests="2" name="Scripts_Execution_Cross_Browser.ToLaunchWow" time="41.049" errors="0" timestamp="2024-03-30T08:21:39 IST" skipped="0">
  <testcase classname="Scripts_Execution_Cross_Browser.ToLaunchWow" name="launchWow" time="18.281"/>
  <testcase classname="Scripts_Execution_Cross_Browser.ToLaunchWow" name="launchWow" time="22.768"/>
</testsuite> <!-- Scripts_Execution_Cross_Browser.ToLaunchWow -->
