<?xml version="1.0" encoding="UTF-8"?>
<!-- Generated by org.testng.reporters.JUnitReportReporter -->
<testsuite hostname="TYSS-Chandana-M" failures="0" tests="2" name="BaseClass.TestScript_01" time="9.937" errors="0" timestamp="2024-03-28T08:49:08 IST" skipped="0">
  <testcase classname="BaseClass.TestScript_01" name="FT_02" time="4.901">
    <system-out>
      <![CDATA[Script-02]]>
    </system-out>
  </testcase> <!-- FT_02 -->
  <testcase classname="BaseClass.TestScript_01" name="FT_01" time="5.036">
    <system-out>
      <![CDATA[Script-01]]>
    </system-out>
  </testcase> <!-- FT_01 -->
  <system-out>
    <![CDATA[connection of application to server of DB
connection of application to DB
opening of browser and enter the url
login to application
Script-01
logout to application
login to application
Script-02
logout to application
closing of browser
dis-connection of application to DB
dis-connection of application to server of DB]]>
  </system-out>
</testsuite> <!-- BaseClass.TestScript_01 -->
