<?xml version="1.0" encoding="UTF-8"?>
<!-- Generated by org.testng.reporters.JUnitReportReporter -->
<testsuite hostname="TYSS-Chandana-M" failures="0" tests="4" name="testng_concepts.ToWorkWithGroups" time="0.011" errors="0" timestamp="2024-03-28T07:32:44 IST" skipped="0">
  <testcase classname="testng_concepts.ToWorkWithGroups" name="TestScript_04" time="0.001">
    <system-out>
      <![CDATA[Functional script-02]]>
    </system-out>
  </testcase> <!-- TestScript_04 -->
  <testcase classname="testng_concepts.ToWorkWithGroups" name="TestScript_03" time="0.002">
    <system-out>
      <![CDATA[System script]]>
    </system-out>
  </testcase> <!-- TestScript_03 -->
  <testcase classname="testng_concepts.ToWorkWithGroups" name="TestScript_02" time="0.001">
    <system-out>
      <![CDATA[Integration script]]>
    </system-out>
  </testcase> <!-- TestScript_02 -->
  <testcase classname="testng_concepts.ToWorkWithGroups" name="TestScript_01" time="0.007">
    <system-out>
      <![CDATA[Functional script-01]]>
    </system-out>
  </testcase> <!-- TestScript_01 -->
  <system-out>
    <![CDATA[Functional script-01
Functional script-02
Integration script
System script]]>
  </system-out>
</testsuite> <!-- testng_concepts.ToWorkWithGroups -->
