<?xml version="1.0" encoding="UTF-8"?>
<!-- Generated by org.testng.reporters.JUnitReportReporter -->
<testsuite hostname="TYSS-Chandana-M" failures="0" tests="1" name="Scripts_Execution.ToLaunchVivo" time="22.954" errors="0" timestamp="2024-03-30T07:15:57 IST" skipped="0">
  <testcase classname="Scripts_Execution.ToLaunchVivo" name="launchVivo" time="22.954"/>
</testsuite> <!-- Scripts_Execution.ToLaunchVivo -->
