<?xml version="1.0" encoding="UTF-8"?>
<!-- Generated by org.testng.reporters.JUnitReportReporter -->
<testsuite hostname="TYSS-Chandana-M" failures="0" tests="1" name="Scripts_Execution.ToLaunchWow" time="24.469" errors="0" timestamp="2024-03-30T07:15:57 IST" skipped="0">
  <testcase classname="Scripts_Execution.ToLaunchWow" name="launchWow" time="24.469"/>
</testsuite> <!-- Scripts_Execution.ToLaunchWow -->
