<?xml version="1.0" encoding="UTF-8"?>
<!-- Generated by org.testng.reporters.JUnitReportReporter -->
<testsuite hostname="TYSS-Chandana-M" failures="0" tests="3" name="testng_concepts.ToWorkWithMethods" time="0.014" errors="0" timestamp="2024-03-27T07:32:35 IST" skipped="0">
  <testcase classname="testng_concepts.ToWorkWithMethods" name="m0" time="0.011">
    <system-out>
      <![CDATA[from m0]]>
    </system-out>
  </testcase> <!-- m0 -->
  <testcase classname="testng_concepts.ToWorkWithMethods" name="m1" time="0.002">
    <system-out>
      <![CDATA[from m1]]>
    </system-out>
  </testcase> <!-- m1 -->
  <testcase classname="testng_concepts.ToWorkWithMethods" name="m2" time="0.001">
    <system-out>
      <![CDATA[from m2]]>
    </system-out>
  </testcase> <!-- m2 -->
  <system-out>
    <![CDATA[from m0
from m1
from m2]]>
  </system-out>
</testsuite> <!-- testng_concepts.ToWorkWithMethods -->
