<?xml version="1.0" encoding="UTF-8"?>
<!-- Generated by org.testng.reporters.JUnitReportReporter -->
<testsuite hostname="TYSS-Chandana-M" failures="0" tests="1" name="Scripts_Execution_Group.ToLaunchWow" time="13.339" errors="0" timestamp="2024-03-29T08:42:48 IST" skipped="0">
  <testcase classname="Scripts_Execution_Group.ToLaunchWow" name="launchWow" time="13.339"/>
</testsuite> <!-- Scripts_Execution_Group.ToLaunchWow -->
