<?xml version="1.0" encoding="UTF-8"?>
<!-- Generated by org.testng.reporters.JUnitReportReporter -->
<testsuite hostname="TYSS-Chandana-M" failures="0" tests="1" name="testng_concepts.ToWorkWithTestNG" time="0.008" errors="0" timestamp="2024-03-26T08:50:57 IST" skipped="0">
  <testcase classname="testng_concepts.ToWorkWithTestNG" name="m1" time="0.008">
    <system-out>
      <![CDATA[hi testng!...
hi testng!...]]>
    </system-out>
  </testcase> <!-- m1 -->
  <system-out>
    <![CDATA[hi testng!...
hi testng!...]]>
  </system-out>
</testsuite> <!-- testng_concepts.ToWorkWithTestNG -->
