<?xml version="1.0" encoding="UTF-8"?>
<!-- Generated by org.testng.reporters.JUnitReportReporter -->
<testsuite hostname="TYSS-Chandana-M" failures="0" tests="2" name="Scripts_Execution_Cross_Browser.ToLaunchNykaa" time="55.763" errors="0" timestamp="2024-03-30T08:21:39 IST" skipped="0">
  <testcase classname="Scripts_Execution_Cross_Browser.ToLaunchNykaa" name="launchNykaa" time="24.320"/>
  <testcase classname="Scripts_Execution_Cross_Browser.ToLaunchNykaa" name="launchNykaa" time="31.443"/>
</testsuite> <!-- Scripts_Execution_Cross_Browser.ToLaunchNykaa -->
