<?xml version="1.0" encoding="UTF-8"?>
<!-- Generated by org.testng.reporters.JUnitReportReporter -->
<testsuite hostname="TYSS-Chandana-M" failures="0" tests="1" name="testng_concepts.ToWorkWithThreadPoolSize" time="8.241" errors="0" timestamp="2024-03-27T08:06:53 IST" skipped="0">
  <testcase classname="testng_concepts.ToWorkWithThreadPoolSize" name="m2" time="8.241">
    <system-out>
      <![CDATA[from DWS]]>
    </system-out>
  </testcase> <!-- m2 -->
  <system-out>
    <![CDATA[from DWS]]>
  </system-out>
</testsuite> <!-- testng_concepts.ToWorkWithThreadPoolSize -->
