<?xml version="1.0" encoding="UTF-8"?>
<!-- Generated by org.testng.reporters.JUnitReportReporter -->
<testsuite hostname="TYSS-Chandana-M" failures="0" tests="2" name="Scripts_Execution_Cross_Browser.ToLaunchLakme" time="54.474" errors="0" timestamp="2024-03-30T08:21:39 IST" skipped="0">
  <testcase classname="Scripts_Execution_Cross_Browser.ToLaunchLakme" name="launchLakme" time="30.445"/>
  <testcase classname="Scripts_Execution_Cross_Browser.ToLaunchLakme" name="launchLakme" time="24.029"/>
</testsuite> <!-- Scripts_Execution_Cross_Browser.ToLaunchLakme -->
