<?xml version="1.0" encoding="UTF-8"?>
<!-- Generated by org.testng.reporters.JUnitReportReporter -->
<testsuite hostname="TYSS-Chandana-M" failures="0" tests="1" name="Scripts_Execution_Group.ToLaunchLakme" time="29.593" errors="0" timestamp="2024-03-29T08:42:48 IST" skipped="0">
  <testcase classname="Scripts_Execution_Group.ToLaunchLakme" name="launchLakme" time="29.593"/>
</testsuite> <!-- Scripts_Execution_Group.ToLaunchLakme -->
