<?xml version="1.0" encoding="UTF-8"?>
<!-- Generated by org.testng.reporters.JUnitReportReporter -->
<testsuite hostname="TYSS-Chandana-M" failures="0" tests="1" name="Scripts_Execution.ToLaunchMamaEarth" time="26.685" errors="0" timestamp="2024-03-30T07:15:57 IST" skipped="0">
  <testcase classname="Scripts_Execution.ToLaunchMamaEarth" name="launchMamaEarth" time="26.685"/>
</testsuite> <!-- Scripts_Execution.ToLaunchMamaEarth -->
