<?xml version="1.0" encoding="UTF-8"?>
<!-- Generated by org.testng.reporters.JUnitReportReporter -->
<testsuite hostname="TYSS-Chandana-M" failures="0" tests="1" name="testng_concepts.ToWorkWithTimeOut" time="7.146" errors="0" timestamp="2024-03-27T08:23:51 IST" skipped="0">
  <testcase classname="testng_concepts.ToWorkWithTimeOut" name="m1" time="7.146">
    <system-out>
      <![CDATA[from m1
from testng DWS]]>
    </system-out>
  </testcase> <!-- m1 -->
  <system-out>
    <![CDATA[from m1
from testng DWS]]>
  </system-out>
</testsuite> <!-- testng_concepts.ToWorkWithTimeOut -->
