<?xml version="1.0" encoding="UTF-8"?>
<!-- Generated by org.testng.reporters.JUnitReportReporter -->
<testsuite hostname="TYSS-Chandana-M" failures="0" tests="3" name="dataprovider_concept.DWS_login" time="30.963" errors="0" timestamp="2024-03-30T09:10:46 IST" skipped="0">
  <testcase classname="dataprovider_concept.DWS_login" name="DWS_login" time="9.941"/>
  <testcase classname="dataprovider_concept.DWS_login" name="DWS_login" time="11.388"/>
  <testcase classname="dataprovider_concept.DWS_login" name="DWS_login" time="9.634"/>
</testsuite> <!-- dataprovider_concept.DWS_login -->
